[32m[09:15:32.467] [INFO] [logging_config:setup_logging:288] Logging system initialized[0m
[32m[09:15:32.467] [INFO] [backend.startup:_configure_logging:41] Enhanced startup logging initialized[0m
[32m[09:15:32.474] [INFO] [backend.startup:<module>:78] Backend startup process initiated[0m
[32m[09:15:32.474] [INFO] [backend.startup:<module>:85] Loading environment from /home/ubuntu/gray/.env[0m
[32m[09:15:32.479] [INFO] [backend.startup:<module>:106] Environment configuration loaded[0m
[32m[09:15:32.479] [INFO] [backend.startup:<module>:107] Using DATABASE_URL=postgresql://postgres.wipadvkkzpyeiaanfrlq:tsthebrandnewappbro@aws-1-ap-south-1.pooler.supabase.com:6543/postgres[0m
[32m[09:15:32.480] [INFO] [backend.startup:<module>:110] Connecting to database and ensuring tables exist...[0m
[32m[09:15:32.618] [INFO] [backend.startup:<module>:373] Creating database tables...[0m
[32m[09:15:34.600] [INFO] [sqlalchemy.engine.Engine:_execute_context:1846] select pg_catalog.version()[0m
[32m[09:15:34.600] [INFO] [sqlalchemy.engine.Engine:_execute_context:1846] [raw sql] {}[0m
[32m[09:15:34.926] [INFO] [sqlalchemy.engine.Engine:_execute_context:1846] select current_schema()[0m
[32m[09:15:34.926] [INFO] [sqlalchemy.engine.Engine:_execute_context:1846] [raw sql] {}[0m
[32m[09:15:35.255] [INFO] [sqlalchemy.engine.Engine:_execute_context:1846] show standard_conforming_strings[0m
[32m[09:15:35.255] [INFO] [sqlalchemy.engine.Engine:_execute_context:1846] [raw sql] {}[0m
[32m[09:15:35.580] [INFO] [sqlalchemy.engine.Engine:_connection_begin_impl:2702] BEGIN (implicit)[0m
[32m[09:15:35.585] [INFO] [sqlalchemy.engine.Engine:_execute_context:1846] SELECT pg_catalog.pg_class.relname 
FROM pg_catalog.pg_class JOIN pg_catalog.pg_namespace ON pg_catalog.pg_namespace.oid = pg_catalog.pg_class.relnamespace 
WHERE pg_catalog.pg_class.relname = %(table_name)s AND pg_catalog.pg_class.relkind = ANY (ARRAY[%(param_1)s, %(param_2)s, %(param_3)s, %(param_4)s, %(param_5)s]) AND pg_catalog.pg_table_is_visible(pg_catalog.pg_class.oid) AND pg_catalog.pg_namespace.nspname != %(nspname_1)s[0m
[32m[09:15:35.585] [INFO] [sqlalchemy.engine.Engine:_execute_context:1846] [generated in 0.00019s] {'table_name': 'users', 'param_1': 'r', 'param_2': 'p', 'param_3': 'f', 'param_4': 'v', 'param_5': 'm', 'nspname_1': 'pg_catalog'}[0m
[32m[09:15:35.940] [INFO] [sqlalchemy.engine.Engine:_execute_context:1846] SELECT pg_catalog.pg_class.relname 
FROM pg_catalog.pg_class JOIN pg_catalog.pg_namespace ON pg_catalog.pg_namespace.oid = pg_catalog.pg_class.relnamespace 
WHERE pg_catalog.pg_class.relname = %(table_name)s AND pg_catalog.pg_class.relkind = ANY (ARRAY[%(param_1)s, %(param_2)s, %(param_3)s, %(param_4)s, %(param_5)s]) AND pg_catalog.pg_table_is_visible(pg_catalog.pg_class.oid) AND pg_catalog.pg_namespace.nspname != %(nspname_1)s[0m
[32m[09:15:35.940] [INFO] [sqlalchemy.engine.Engine:_execute_context:1846] [cached since 0.3557s ago] {'table_name': 'chat_sessions', 'param_1': 'r', 'param_2': 'p', 'param_3': 'f', 'param_4': 'v', 'param_5': 'm', 'nspname_1': 'pg_catalog'}[0m
[32m[09:15:36.104] [INFO] [sqlalchemy.engine.Engine:_execute_context:1846] SELECT pg_catalog.pg_class.relname 
FROM pg_catalog.pg_class JOIN pg_catalog.pg_namespace ON pg_catalog.pg_namespace.oid = pg_catalog.pg_class.relnamespace 
WHERE pg_catalog.pg_class.relname = %(table_name)s AND pg_catalog.pg_class.relkind = ANY (ARRAY[%(param_1)s, %(param_2)s, %(param_3)s, %(param_4)s, %(param_5)s]) AND pg_catalog.pg_table_is_visible(pg_catalog.pg_class.oid) AND pg_catalog.pg_namespace.nspname != %(nspname_1)s[0m
[32m[09:15:36.104] [INFO] [sqlalchemy.engine.Engine:_execute_context:1846] [cached since 0.5192s ago] {'table_name': 'calendars', 'param_1': 'r', 'param_2': 'p', 'param_3': 'f', 'param_4': 'v', 'param_5': 'm', 'nspname_1': 'pg_catalog'}[0m
[32m[09:15:36.267] [INFO] [sqlalchemy.engine.Engine:_execute_context:1846] SELECT pg_catalog.pg_class.relname 
FROM pg_catalog.pg_class JOIN pg_catalog.pg_namespace ON pg_catalog.pg_namespace.oid = pg_catalog.pg_class.relnamespace 
WHERE pg_catalog.pg_class.relname = %(table_name)s AND pg_catalog.pg_class.relkind = ANY (ARRAY[%(param_1)s, %(param_2)s, %(param_3)s, %(param_4)s, %(param_5)s]) AND pg_catalog.pg_table_is_visible(pg_catalog.pg_class.oid) AND pg_catalog.pg_namespace.nspname != %(nspname_1)s[0m
[32m[09:15:36.267] [INFO] [sqlalchemy.engine.Engine:_execute_context:1846] [cached since 0.6824s ago] {'table_name': 'calendar_events', 'param_1': 'r', 'param_2': 'p', 'param_3': 'f', 'param_4': 'v', 'param_5': 'm', 'nspname_1': 'pg_catalog'}[0m
[32m[09:15:36.430] [INFO] [sqlalchemy.engine.Engine:_execute_context:1846] SELECT pg_catalog.pg_class.relname 
FROM pg_catalog.pg_class JOIN pg_catalog.pg_namespace ON pg_catalog.pg_namespace.oid = pg_catalog.pg_class.relnamespace 
WHERE pg_catalog.pg_class.relname = %(table_name)s AND pg_catalog.pg_class.relkind = ANY (ARRAY[%(param_1)s, %(param_2)s, %(param_3)s, %(param_4)s, %(param_5)s]) AND pg_catalog.pg_table_is_visible(pg_catalog.pg_class.oid) AND pg_catalog.pg_namespace.nspname != %(nspname_1)s[0m
[32m[09:15:36.430] [INFO] [sqlalchemy.engine.Engine:_execute_context:1846] [cached since 0.846s ago] {'table_name': 'plans', 'param_1': 'r', 'param_2': 'p', 'param_3': 'f', 'param_4': 'v', 'param_5': 'm', 'nspname_1': 'pg_catalog'}[0m
[32m[09:15:36.596] [INFO] [sqlalchemy.engine.Engine:_execute_context:1846] SELECT pg_catalog.pg_class.relname 
FROM pg_catalog.pg_class JOIN pg_catalog.pg_namespace ON pg_catalog.pg_namespace.oid = pg_catalog.pg_class.relnamespace 
WHERE pg_catalog.pg_class.relname = %(table_name)s AND pg_catalog.pg_class.relkind = ANY (ARRAY[%(param_1)s, %(param_2)s, %(param_3)s, %(param_4)s, %(param_5)s]) AND pg_catalog.pg_table_is_visible(pg_catalog.pg_class.oid) AND pg_catalog.pg_namespace.nspname != %(nspname_1)s[0m
[32m[09:15:36.596] [INFO] [sqlalchemy.engine.Engine:_execute_context:1846] [cached since 1.012s ago] {'table_name': 'proactive_state', 'param_1': 'r', 'param_2': 'p', 'param_3': 'f', 'param_4': 'v', 'param_5': 'm', 'nspname_1': 'pg_catalog'}[0m
[32m[09:15:36.759] [INFO] [sqlalchemy.engine.Engine:_execute_context:1846] SELECT pg_catalog.pg_class.relname 
FROM pg_catalog.pg_class JOIN pg_catalog.pg_namespace ON pg_catalog.pg_namespace.oid = pg_catalog.pg_class.relnamespace 
WHERE pg_catalog.pg_class.relname = %(table_name)s AND pg_catalog.pg_class.relkind = ANY (ARRAY[%(param_1)s, %(param_2)s, %(param_3)s, %(param_4)s, %(param_5)s]) AND pg_catalog.pg_table_is_visible(pg_catalog.pg_class.oid) AND pg_catalog.pg_namespace.nspname != %(nspname_1)s[0m
[32m[09:15:36.760] [INFO] [sqlalchemy.engine.Engine:_execute_context:1846] [cached since 1.175s ago] {'table_name': 'habits', 'param_1': 'r', 'param_2': 'p', 'param_3': 'f', 'param_4': 'v', 'param_5': 'm', 'nspname_1': 'pg_catalog'}[0m
[32m[09:15:36.923] [INFO] [sqlalchemy.engine.Engine:_execute_context:1846] SELECT pg_catalog.pg_class.relname 
FROM pg_catalog.pg_class JOIN pg_catalog.pg_namespace ON pg_catalog.pg_namespace.oid = pg_catalog.pg_class.relnamespace 
WHERE pg_catalog.pg_class.relname = %(table_name)s AND pg_catalog.pg_class.relkind = ANY (ARRAY[%(param_1)s, %(param_2)s, %(param_3)s, %(param_4)s, %(param_5)s]) AND pg_catalog.pg_table_is_visible(pg_catalog.pg_class.oid) AND pg_catalog.pg_namespace.nspname != %(nspname_1)s[0m
[32m[09:15:36.923] [INFO] [sqlalchemy.engine.Engine:_execute_context:1846] [cached since 1.338s ago] {'table_name': 'reminders', 'param_1': 'r', 'param_2': 'p', 'param_3': 'f', 'param_4': 'v', 'param_5': 'm', 'nspname_1': 'pg_catalog'}[0m
[32m[09:15:37.086] [INFO] [sqlalchemy.engine.Engine:_execute_context:1846] SELECT pg_catalog.pg_class.relname 
FROM pg_catalog.pg_class JOIN pg_catalog.pg_namespace ON pg_catalog.pg_namespace.oid = pg_catalog.pg_class.relnamespace 
WHERE pg_catalog.pg_class.relname = %(table_name)s AND pg_catalog.pg_class.relkind = ANY (ARRAY[%(param_1)s, %(param_2)s, %(param_3)s, %(param_4)s, %(param_5)s]) AND pg_catalog.pg_table_is_visible(pg_catalog.pg_class.oid) AND pg_catalog.pg_namespace.nspname != %(nspname_1)s[0m
[32m[09:15:37.086] [INFO] [sqlalchemy.engine.Engine:_execute_context:1846] [cached since 1.501s ago] {'table_name': 'dashboard_pulses', 'param_1': 'r', 'param_2': 'p', 'param_3': 'f', 'param_4': 'v', 'param_5': 'm', 'nspname_1': 'pg_catalog'}[0m
[32m[09:15:37.249] [INFO] [sqlalchemy.engine.Engine:_execute_context:1846] SELECT pg_catalog.pg_class.relname 
FROM pg_catalog.pg_class JOIN pg_catalog.pg_namespace ON pg_catalog.pg_namespace.oid = pg_catalog.pg_class.relnamespace 
WHERE pg_catalog.pg_class.relname = %(table_name)s AND pg_catalog.pg_class.relkind = ANY (ARRAY[%(param_1)s, %(param_2)s, %(param_3)s, %(param_4)s, %(param_5)s]) AND pg_catalog.pg_table_is_visible(pg_catalog.pg_class.oid) AND pg_catalog.pg_namespace.nspname != %(nspname_1)s[0m
[32m[09:15:37.249] [INFO] [sqlalchemy.engine.Engine:_execute_context:1846] [cached since 1.665s ago] {'table_name': 'proactivity_settings', 'param_1': 'r', 'param_2': 'p', 'param_3': 'f', 'param_4': 'v', 'param_5': 'm', 'nspname_1': 'pg_catalog'}[0m
[32m[09:15:37.412] [INFO] [sqlalchemy.engine.Engine:_execute_context:1846] SELECT pg_catalog.pg_class.relname 
FROM pg_catalog.pg_class JOIN pg_catalog.pg_namespace ON pg_catalog.pg_namespace.oid = pg_catalog.pg_class.relnamespace 
WHERE pg_catalog.pg_class.relname = %(table_name)s AND pg_catalog.pg_class.relkind = ANY (ARRAY[%(param_1)s, %(param_2)s, %(param_3)s, %(param_4)s, %(param_5)s]) AND pg_catalog.pg_table_is_visible(pg_catalog.pg_class.oid) AND pg_catalog.pg_namespace.nspname != %(nspname_1)s[0m
[32m[09:15:37.412] [INFO] [sqlalchemy.engine.Engine:_execute_context:1846] [cached since 1.828s ago] {'table_name': 'proactivity_push_subscriptions', 'param_1': 'r', 'param_2': 'p', 'param_3': 'f', 'param_4': 'v', 'param_5': 'm', 'nspname_1': 'pg_catalog'}[0m
[32m[09:15:37.577] [INFO] [sqlalchemy.engine.Engine:_execute_context:1846] SELECT pg_catalog.pg_class.relname 
FROM pg_catalog.pg_class JOIN pg_catalog.pg_namespace ON pg_catalog.pg_namespace.oid = pg_catalog.pg_class.relnamespace 
WHERE pg_catalog.pg_class.relname = %(table_name)s AND pg_catalog.pg_class.relkind = ANY (ARRAY[%(param_1)s, %(param_2)s, %(param_3)s, %(param_4)s, %(param_5)s]) AND pg_catalog.pg_table_is_visible(pg_catalog.pg_class.oid) AND pg_catalog.pg_namespace.nspname != %(nspname_1)s[0m
[32m[09:15:37.577] [INFO] [sqlalchemy.engine.Engine:_execute_context:1846] [cached since 1.993s ago] {'table_name': 'user_streaks', 'param_1': 'r', 'param_2': 'p', 'param_3': 'f', 'param_4': 'v', 'param_5': 'm', 'nspname_1': 'pg_catalog'}[0m
[32m[09:15:37.741] [INFO] [sqlalchemy.engine.Engine:_execute_context:1846] SELECT pg_catalog.pg_class.relname 
FROM pg_catalog.pg_class JOIN pg_catalog.pg_namespace ON pg_catalog.pg_namespace.oid = pg_catalog.pg_class.relnamespace 
WHERE pg_catalog.pg_class.relname = %(table_name)s AND pg_catalog.pg_class.relkind = ANY (ARRAY[%(param_1)s, %(param_2)s, %(param_3)s, %(param_4)s, %(param_5)s]) AND pg_catalog.pg_table_is_visible(pg_catalog.pg_class.oid) AND pg_catalog.pg_namespace.nspname != %(nspname_1)s[0m
[32m[09:15:37.742] [INFO] [sqlalchemy.engine.Engine:_execute_context:1846] [cached since 2.158s ago] {'table_name': 'proactivity_logs', 'param_1': 'r', 'param_2': 'p', 'param_3': 'f', 'param_4': 'v', 'param_5': 'm', 'nspname_1': 'pg_catalog'}[0m
[32m[09:15:37.905] [INFO] [sqlalchemy.engine.Engine:_execute_context:1846] SELECT pg_catalog.pg_class.relname 
FROM pg_catalog.pg_class JOIN pg_catalog.pg_namespace ON pg_catalog.pg_namespace.oid = pg_catalog.pg_class.relnamespace 
WHERE pg_catalog.pg_class.relname = %(table_name)s AND pg_catalog.pg_class.relkind = ANY (ARRAY[%(param_1)s, %(param_2)s, %(param_3)s, %(param_4)s, %(param_5)s]) AND pg_catalog.pg_table_is_visible(pg_catalog.pg_class.oid) AND pg_catalog.pg_namespace.nspname != %(nspname_1)s[0m
[32m[09:15:37.906] [INFO] [sqlalchemy.engine.Engine:_execute_context:1846] [cached since 2.321s ago] {'table_name': 'context_cache', 'param_1': 'r', 'param_2': 'p', 'param_3': 'f', 'param_4': 'v', 'param_5': 'm', 'nspname_1': 'pg_catalog'}[0m
[32m[09:15:38.070] [INFO] [sqlalchemy.engine.Engine:_execute_context:1846] SELECT pg_catalog.pg_class.relname 
FROM pg_catalog.pg_class JOIN pg_catalog.pg_namespace ON pg_catalog.pg_namespace.oid = pg_catalog.pg_class.relnamespace 
WHERE pg_catalog.pg_class.relname = %(table_name)s AND pg_catalog.pg_class.relkind = ANY (ARRAY[%(param_1)s, %(param_2)s, %(param_3)s, %(param_4)s, %(param_5)s]) AND pg_catalog.pg_table_is_visible(pg_catalog.pg_class.oid) AND pg_catalog.pg_namespace.nspname != %(nspname_1)s[0m
[32m[09:15:38.070] [INFO] [sqlalchemy.engine.Engine:_execute_context:1846] [cached since 2.486s ago] {'table_name': 'proactive_notifications', 'param_1': 'r', 'param_2': 'p', 'param_3': 'f', 'param_4': 'v', 'param_5': 'm', 'nspname_1': 'pg_catalog'}[0m
[32m[09:15:38.234] [INFO] [sqlalchemy.engine.Engine:_execute_context:1846] SELECT pg_catalog.pg_class.relname 
FROM pg_catalog.pg_class JOIN pg_catalog.pg_namespace ON pg_catalog.pg_namespace.oid = pg_catalog.pg_class.relnamespace 
WHERE pg_catalog.pg_class.relname = %(table_name)s AND pg_catalog.pg_class.relkind = ANY (ARRAY[%(param_1)s, %(param_2)s, %(param_3)s, %(param_4)s, %(param_5)s]) AND pg_catalog.pg_table_is_visible(pg_catalog.pg_class.oid) AND pg_catalog.pg_namespace.nspname != %(nspname_1)s[0m
[32m[09:15:38.235] [INFO] [sqlalchemy.engine.Engine:_execute_context:1846] [cached since 2.65s ago] {'table_name': 'file_search_stores', 'param_1': 'r', 'param_2': 'p', 'param_3': 'f', 'param_4': 'v', 'param_5': 'm', 'nspname_1': 'pg_catalog'}[0m
[32m[09:15:38.398] [INFO] [sqlalchemy.engine.Engine:_execute_context:1846] SELECT pg_catalog.pg_class.relname 
FROM pg_catalog.pg_class JOIN pg_catalog.pg_namespace ON pg_catalog.pg_namespace.oid = pg_catalog.pg_class.relnamespace 
WHERE pg_catalog.pg_class.relname = %(table_name)s AND pg_catalog.pg_class.relkind = ANY (ARRAY[%(param_1)s, %(param_2)s, %(param_3)s, %(param_4)s, %(param_5)s]) AND pg_catalog.pg_table_is_visible(pg_catalog.pg_class.oid) AND pg_catalog.pg_namespace.nspname != %(nspname_1)s[0m
[32m[09:15:38.398] [INFO] [sqlalchemy.engine.Engine:_execute_context:1846] [cached since 2.813s ago] {'table_name': 'media_uploads', 'param_1': 'r', 'param_2': 'p', 'param_3': 'f', 'param_4': 'v', 'param_5': 'm', 'nspname_1': 'pg_catalog'}[0m
[32m[09:15:38.561] [INFO] [sqlalchemy.engine.Engine:_execute_context:1846] SELECT pg_catalog.pg_class.relname 
FROM pg_catalog.pg_class JOIN pg_catalog.pg_namespace ON pg_catalog.pg_namespace.oid = pg_catalog.pg_class.relnamespace 
WHERE pg_catalog.pg_class.relname = %(table_name)s AND pg_catalog.pg_class.relkind = ANY (ARRAY[%(param_1)s, %(param_2)s, %(param_3)s, %(param_4)s, %(param_5)s]) AND pg_catalog.pg_table_is_visible(pg_catalog.pg_class.oid) AND pg_catalog.pg_namespace.nspname != %(nspname_1)s[0m
[32m[09:15:38.561] [INFO] [sqlalchemy.engine.Engine:_execute_context:1846] [cached since 2.977s ago] {'table_name': 'workspace_backgrounds', 'param_1': 'r', 'param_2': 'p', 'param_3': 'f', 'param_4': 'v', 'param_5': 'm', 'nspname_1': 'pg_catalog'}[0m
[32m[09:15:38.724] [INFO] [sqlalchemy.engine.Engine:_execute_context:1846] SELECT pg_catalog.pg_class.relname 
FROM pg_catalog.pg_class JOIN pg_catalog.pg_namespace ON pg_catalog.pg_namespace.oid = pg_catalog.pg_class.relnamespace 
WHERE pg_catalog.pg_class.relname = %(table_name)s AND pg_catalog.pg_class.relkind = ANY (ARRAY[%(param_1)s, %(param_2)s, %(param_3)s, %(param_4)s, %(param_5)s]) AND pg_catalog.pg_table_is_visible(pg_catalog.pg_class.oid) AND pg_catalog.pg_namespace.nspname != %(nspname_1)s[0m
[32m[09:15:38.725] [INFO] [sqlalchemy.engine.Engine:_execute_context:1846] [cached since 3.14s ago] {'table_name': 'google_calendar_credentials', 'param_1': 'r', 'param_2': 'p', 'param_3': 'f', 'param_4': 'v', 'param_5': 'm', 'nspname_1': 'pg_catalog'}[0m
[32m[09:15:38.888] [INFO] [sqlalchemy.engine.Engine:_connection_commit_impl:2708] COMMIT[0m
[32m[09:15:39.051] [INFO] [backend.startup:<module>:381] Database tables created successfully[0m
[32m[09:15:39.052] [INFO] [backend.startup:<module>:389] Seeding workspace backgrounds...[0m
[32m[09:15:39.052] [INFO] [sqlalchemy.engine.Engine:_connection_begin_impl:2702] BEGIN (implicit)[0m
[32m[09:15:39.053] [INFO] [sqlalchemy.engine.Engine:_execute_context:1846] SELECT workspace_backgrounds.slug 
FROM workspace_backgrounds[0m
[32m[09:15:39.054] [INFO] [sqlalchemy.engine.Engine:_execute_context:1846] [generated in 0.00083s] {}[0m
[32m[09:15:39.385] [INFO] [sqlalchemy.engine.Engine:_connection_commit_impl:2708] COMMIT[0m
[32m[09:15:39.547] [INFO] [backend.startup:<module>:414] Workspace backgrounds seeding completed[0m
[32m[09:15:39.548] [INFO] [backend.startup:<module>:464] Running database migrations...[0m
[32m[09:15:39.561] [INFO] [sqlalchemy.engine.Engine:_connection_begin_impl:2702] BEGIN (implicit)[0m
[32m[09:15:39.562] [INFO] [sqlalchemy.engine.Engine:_execute_context:1846] SELECT pg_catalog.pg_attribute.attname AS name, pg_catalog.format_type(pg_catalog.pg_attribute.atttypid, pg_catalog.pg_attribute.atttypmod) AS format_type, (SELECT pg_catalog.pg_get_expr(pg_catalog.pg_attrdef.adbin, pg_catalog.pg_attrdef.adrelid) AS pg_get_expr_1 
FROM pg_catalog.pg_attrdef 
WHERE pg_catalog.pg_attrdef.adrelid = pg_catalog.pg_attribute.attrelid AND pg_catalog.pg_attrdef.adnum = pg_catalog.pg_attribute.attnum AND pg_catalog.pg_attribute.atthasdef) AS "default", pg_catalog.pg_attribute.attnotnull AS not_null, pg_catalog.pg_class.relname AS table_name, pg_catalog.pg_description.description AS comment, pg_catalog.pg_attribute.attgenerated AS generated, (SELECT json_build_object(%(json_build_object_2)s, pg_catalog.pg_attribute.attidentity = %(attidentity_1)s, %(json_build_object_3)s, pg_catalog.pg_sequence.seqstart, %(json_build_object_4)s, pg_catalog.pg_sequence.seqincrement, %(json_build_object_5)s, pg_catalog.pg_sequence.seqmin, %(json_build_object_6)s, pg_catalog.pg_sequence.seqmax, %(json_build_object_7)s, pg_catalog.pg_sequence.seqcache, %(json_build_object_8)s, pg_catalog.pg_sequence.seqcycle) AS json_build_object_1 
FROM pg_catalog.pg_sequence 
WHERE pg_catalog.pg_attribute.attidentity != %(attidentity_2)s AND pg_catalog.pg_sequence.seqrelid = CAST(CAST(pg_catalog.pg_get_serial_sequence(CAST(CAST(pg_catalog.pg_attribute.attrelid AS REGCLASS) AS TEXT), pg_catalog.pg_attribute.attname) AS REGCLASS) AS OID)) AS identity_options 
FROM pg_catalog.pg_class LEFT OUTER JOIN pg_catalog.pg_attribute ON pg_catalog.pg_class.oid = pg_catalog.pg_attribute.attrelid AND pg_catalog.pg_attribute.attnum > %(attnum_1)s AND NOT pg_catalog.pg_attribute.attisdropped LEFT OUTER JOIN pg_catalog.pg_description ON pg_catalog.pg_description.objoid = pg_catalog.pg_attribute.attrelid AND pg_catalog.pg_description.objsubid = pg_catalog.pg_attribute.attnum JOIN pg_catalog.pg_namespace ON pg_catalog.pg_namespace.oid = pg_catalog.pg_class.relnamespace 
WHERE pg_catalog.pg_class.relkind = ANY (ARRAY[%(param_1)s, %(param_2)s, %(param_3)s, %(param_4)s, %(param_5)s]) AND pg_catalog.pg_table_is_visible(pg_catalog.pg_class.oid) AND pg_catalog.pg_namespace.nspname != %(nspname_1)s AND pg_catalog.pg_class.relname IN (%(filter_names_1)s) ORDER BY pg_catalog.pg_class.relname, pg_catalog.pg_attribute.attnum[0m
[32m[09:15:39.562] [INFO] [sqlalchemy.engine.Engine:_execute_context:1846] [generated in 0.00111s] {'json_build_object_2': 'always', 'attidentity_1': 'a', 'json_build_object_3': 'start', 'json_build_object_4': 'increment', 'json_build_object_5': 'minvalue', 'json_build_object_6': 'maxvalue', 'json_build_object_7': 'cache', 'json_build_object_8': 'cycle', 'attidentity_2': '', 'attnum_1': 0, 'param_1': 'r', 'param_2': 'p', 'param_3': 'f', 'param_4': 'v', 'param_5': 'm', 'nspname_1': 'pg_catalog', 'filter_names_1': 'plans'}[0m
[32m[09:15:39.932] [INFO] [sqlalchemy.engine.Engine:_execute_context:1846] SELECT pg_catalog.pg_type.typname AS name, pg_catalog.format_type(pg_catalog.pg_type.typbasetype, pg_catalog.pg_type.typtypmod) AS attype, NOT pg_catalog.pg_type.typnotnull AS nullable, pg_catalog.pg_type.typdefault AS "default", pg_catalog.pg_type_is_visible(pg_catalog.pg_type.oid) AS visible, pg_catalog.pg_namespace.nspname AS schema, domain_constraints.condefs, domain_constraints.connames, pg_catalog.pg_collation.collname 
FROM pg_catalog.pg_type JOIN pg_catalog.pg_namespace ON pg_catalog.pg_namespace.oid = pg_catalog.pg_type.typnamespace LEFT OUTER JOIN pg_catalog.pg_collation ON pg_catalog.pg_type.typcollation = pg_catalog.pg_collation.oid LEFT OUTER JOIN (SELECT pg_catalog.pg_constraint.contypid AS contypid, array_agg(pg_catalog.pg_get_constraintdef(pg_catalog.pg_constraint.oid, %(pg_get_constraintdef_1)s)) AS condefs, array_agg(CAST(pg_catalog.pg_constraint.conname AS TEXT)) AS connames 
FROM pg_catalog.pg_constraint 
WHERE pg_catalog.pg_constraint.contypid != %(contypid_1)s GROUP BY pg_catalog.pg_constraint.contypid) AS domain_constraints ON pg_catalog.pg_type.oid = domain_constraints.contypid 
WHERE pg_catalog.pg_type.typtype = %(typtype_1)s ORDER BY pg_catalog.pg_namespace.nspname, pg_catalog.pg_type.typname[0m
[32m[09:15:39.932] [INFO] [sqlalchemy.engine.Engine:_execute_context:1846] [generated in 0.00042s] {'pg_get_constraintdef_1': True, 'contypid_1': 0, 'typtype_1': 'd'}[0m
[32m[09:15:40.125] [INFO] [sqlalchemy.engine.Engine:_execute_context:1846] SELECT pg_catalog.pg_type.typname AS name, pg_catalog.pg_type_is_visible(pg_catalog.pg_type.oid) AS visible, pg_catalog.pg_namespace.nspname AS schema, lbl_agg.labels AS labels 
FROM pg_catalog.pg_type JOIN pg_catalog.pg_namespace ON pg_catalog.pg_namespace.oid = pg_catalog.pg_type.typnamespace LEFT OUTER JOIN (SELECT pg_catalog.pg_enum.enumtypid AS enumtypid, array_agg(CAST(pg_catalog.pg_enum.enumlabel AS TEXT) ORDER BY pg_catalog.pg_enum.enumsortorder) AS labels 
FROM pg_catalog.pg_enum GROUP BY pg_catalog.pg_enum.enumtypid) AS lbl_agg ON pg_catalog.pg_type.oid = lbl_agg.enumtypid 
WHERE pg_catalog.pg_type.typtype = %(typtype_1)s ORDER BY pg_catalog.pg_namespace.nspname, pg_catalog.pg_type.typname[0m
[32m[09:15:40.125] [INFO] [sqlalchemy.engine.Engine:_execute_context:1846] [generated in 0.00021s] {'typtype_1': 'e'}[0m
[32m[09:15:40.296] [INFO] [sqlalchemy.engine.Engine:_connection_rollback_impl:2705] ROLLBACK[0m
[32m[09:15:40.459] [INFO] [sqlalchemy.engine.Engine:_connection_begin_impl:2702] BEGIN (implicit)[0m
[32m[09:15:40.460] [INFO] [sqlalchemy.engine.Engine:_execute_context:1846] SELECT pg_catalog.pg_attribute.attname AS name, pg_catalog.format_type(pg_catalog.pg_attribute.atttypid, pg_catalog.pg_attribute.atttypmod) AS format_type, (SELECT pg_catalog.pg_get_expr(pg_catalog.pg_attrdef.adbin, pg_catalog.pg_attrdef.adrelid) AS pg_get_expr_1 
FROM pg_catalog.pg_attrdef 
WHERE pg_catalog.pg_attrdef.adrelid = pg_catalog.pg_attribute.attrelid AND pg_catalog.pg_attrdef.adnum = pg_catalog.pg_attribute.attnum AND pg_catalog.pg_attribute.atthasdef) AS "default", pg_catalog.pg_attribute.attnotnull AS not_null, pg_catalog.pg_class.relname AS table_name, pg_catalog.pg_description.description AS comment, pg_catalog.pg_attribute.attgenerated AS generated, (SELECT json_build_object(%(json_build_object_2)s, pg_catalog.pg_attribute.attidentity = %(attidentity_1)s, %(json_build_object_3)s, pg_catalog.pg_sequence.seqstart, %(json_build_object_4)s, pg_catalog.pg_sequence.seqincrement, %(json_build_object_5)s, pg_catalog.pg_sequence.seqmin, %(json_build_object_6)s, pg_catalog.pg_sequence.seqmax, %(json_build_object_7)s, pg_catalog.pg_sequence.seqcache, %(json_build_object_8)s, pg_catalog.pg_sequence.seqcycle) AS json_build_object_1 
FROM pg_catalog.pg_sequence 
WHERE pg_catalog.pg_attribute.attidentity != %(attidentity_2)s AND pg_catalog.pg_sequence.seqrelid = CAST(CAST(pg_catalog.pg_get_serial_sequence(CAST(CAST(pg_catalog.pg_attribute.attrelid AS REGCLASS) AS TEXT), pg_catalog.pg_attribute.attname) AS REGCLASS) AS OID)) AS identity_options 
FROM pg_catalog.pg_class LEFT OUTER JOIN pg_catalog.pg_attribute ON pg_catalog.pg_class.oid = pg_catalog.pg_attribute.attrelid AND pg_catalog.pg_attribute.attnum > %(attnum_1)s AND NOT pg_catalog.pg_attribute.attisdropped LEFT OUTER JOIN pg_catalog.pg_description ON pg_catalog.pg_description.objoid = pg_catalog.pg_attribute.attrelid AND pg_catalog.pg_description.objsubid = pg_catalog.pg_attribute.attnum JOIN pg_catalog.pg_namespace ON pg_catalog.pg_namespace.oid = pg_catalog.pg_class.relnamespace 
WHERE pg_catalog.pg_class.relkind = ANY (ARRAY[%(param_1)s, %(param_2)s, %(param_3)s, %(param_4)s, %(param_5)s]) AND pg_catalog.pg_table_is_visible(pg_catalog.pg_class.oid) AND pg_catalog.pg_namespace.nspname != %(nspname_1)s AND pg_catalog.pg_class.relname IN (%(filter_names_1)s) ORDER BY pg_catalog.pg_class.relname, pg_catalog.pg_attribute.attnum[0m
[32m[09:15:40.460] [INFO] [sqlalchemy.engine.Engine:_execute_context:1846] [cached since 0.899s ago] {'json_build_object_2': 'always', 'attidentity_1': 'a', 'json_build_object_3': 'start', 'json_build_object_4': 'increment', 'json_build_object_5': 'minvalue', 'json_build_object_6': 'maxvalue', 'json_build_object_7': 'cache', 'json_build_object_8': 'cycle', 'attidentity_2': '', 'attnum_1': 0, 'param_1': 'r', 'param_2': 'p', 'param_3': 'f', 'param_4': 'v', 'param_5': 'm', 'nspname_1': 'pg_catalog', 'filter_names_1': 'habits'}[0m
[32m[09:15:40.786] [INFO] [sqlalchemy.engine.Engine:_execute_context:1846] SELECT pg_catalog.pg_type.typname AS name, pg_catalog.format_type(pg_catalog.pg_type.typbasetype, pg_catalog.pg_type.typtypmod) AS attype, NOT pg_catalog.pg_type.typnotnull AS nullable, pg_catalog.pg_type.typdefault AS "default", pg_catalog.pg_type_is_visible(pg_catalog.pg_type.oid) AS visible, pg_catalog.pg_namespace.nspname AS schema, domain_constraints.condefs, domain_constraints.connames, pg_catalog.pg_collation.collname 
FROM pg_catalog.pg_type JOIN pg_catalog.pg_namespace ON pg_catalog.pg_namespace.oid = pg_catalog.pg_type.typnamespace LEFT OUTER JOIN pg_catalog.pg_collation ON pg_catalog.pg_type.typcollation = pg_catalog.pg_collation.oid LEFT OUTER JOIN (SELECT pg_catalog.pg_constraint.contypid AS contypid, array_agg(pg_catalog.pg_get_constraintdef(pg_catalog.pg_constraint.oid, %(pg_get_constraintdef_1)s)) AS condefs, array_agg(CAST(pg_catalog.pg_constraint.conname AS TEXT)) AS connames 
FROM pg_catalog.pg_constraint 
WHERE pg_catalog.pg_constraint.contypid != %(contypid_1)s GROUP BY pg_catalog.pg_constraint.contypid) AS domain_constraints ON pg_catalog.pg_type.oid = domain_constraints.contypid 
WHERE pg_catalog.pg_type.typtype = %(typtype_1)s ORDER BY pg_catalog.pg_namespace.nspname, pg_catalog.pg_type.typname[0m
[32m[09:15:40.786] [INFO] [sqlalchemy.engine.Engine:_execute_context:1846] [cached since 0.8543s ago] {'pg_get_constraintdef_1': True, 'contypid_1': 0, 'typtype_1': 'd'}[0m
[32m[09:15:40.950] [INFO] [sqlalchemy.engine.Engine:_execute_context:1846] SELECT pg_catalog.pg_type.typname AS name, pg_catalog.pg_type_is_visible(pg_catalog.pg_type.oid) AS visible, pg_catalog.pg_namespace.nspname AS schema, lbl_agg.labels AS labels 
FROM pg_catalog.pg_type JOIN pg_catalog.pg_namespace ON pg_catalog.pg_namespace.oid = pg_catalog.pg_type.typnamespace LEFT OUTER JOIN (SELECT pg_catalog.pg_enum.enumtypid AS enumtypid, array_agg(CAST(pg_catalog.pg_enum.enumlabel AS TEXT) ORDER BY pg_catalog.pg_enum.enumsortorder) AS labels 
FROM pg_catalog.pg_enum GROUP BY pg_catalog.pg_enum.enumtypid) AS lbl_agg ON pg_catalog.pg_type.oid = lbl_agg.enumtypid 
WHERE pg_catalog.pg_type.typtype = %(typtype_1)s ORDER BY pg_catalog.pg_namespace.nspname, pg_catalog.pg_type.typname[0m
[32m[09:15:40.950] [INFO] [sqlalchemy.engine.Engine:_execute_context:1846] [cached since 0.8258s ago] {'typtype_1': 'e'}[0m
[32m[09:15:41.114] [INFO] [sqlalchemy.engine.Engine:_connection_rollback_impl:2705] ROLLBACK[0m
[32m[09:15:41.279] [INFO] [sqlalchemy.engine.Engine:_connection_begin_impl:2702] BEGIN (implicit)[0m
[32m[09:15:41.279] [INFO] [sqlalchemy.engine.Engine:_execute_context:1846] SELECT pg_catalog.pg_attribute.attname AS name, pg_catalog.format_type(pg_catalog.pg_attribute.atttypid, pg_catalog.pg_attribute.atttypmod) AS format_type, (SELECT pg_catalog.pg_get_expr(pg_catalog.pg_attrdef.adbin, pg_catalog.pg_attrdef.adrelid) AS pg_get_expr_1 
FROM pg_catalog.pg_attrdef 
WHERE pg_catalog.pg_attrdef.adrelid = pg_catalog.pg_attribute.attrelid AND pg_catalog.pg_attrdef.adnum = pg_catalog.pg_attribute.attnum AND pg_catalog.pg_attribute.atthasdef) AS "default", pg_catalog.pg_attribute.attnotnull AS not_null, pg_catalog.pg_class.relname AS table_name, pg_catalog.pg_description.description AS comment, pg_catalog.pg_attribute.attgenerated AS generated, (SELECT json_build_object(%(json_build_object_2)s, pg_catalog.pg_attribute.attidentity = %(attidentity_1)s, %(json_build_object_3)s, pg_catalog.pg_sequence.seqstart, %(json_build_object_4)s, pg_catalog.pg_sequence.seqincrement, %(json_build_object_5)s, pg_catalog.pg_sequence.seqmin, %(json_build_object_6)s, pg_catalog.pg_sequence.seqmax, %(json_build_object_7)s, pg_catalog.pg_sequence.seqcache, %(json_build_object_8)s, pg_catalog.pg_sequence.seqcycle) AS json_build_object_1 
FROM pg_catalog.pg_sequence 
WHERE pg_catalog.pg_attribute.attidentity != %(attidentity_2)s AND pg_catalog.pg_sequence.seqrelid = CAST(CAST(pg_catalog.pg_get_serial_sequence(CAST(CAST(pg_catalog.pg_attribute.attrelid AS REGCLASS) AS TEXT), pg_catalog.pg_attribute.attname) AS REGCLASS) AS OID)) AS identity_options 
FROM pg_catalog.pg_class LEFT OUTER JOIN pg_catalog.pg_attribute ON pg_catalog.pg_class.oid = pg_catalog.pg_attribute.attrelid AND pg_catalog.pg_attribute.attnum > %(attnum_1)s AND NOT pg_catalog.pg_attribute.attisdropped LEFT OUTER JOIN pg_catalog.pg_description ON pg_catalog.pg_description.objoid = pg_catalog.pg_attribute.attrelid AND pg_catalog.pg_description.objsubid = pg_catalog.pg_attribute.attnum JOIN pg_catalog.pg_namespace ON pg_catalog.pg_namespace.oid = pg_catalog.pg_class.relnamespace 
WHERE pg_catalog.pg_class.relkind = ANY (ARRAY[%(param_1)s, %(param_2)s, %(param_3)s, %(param_4)s, %(param_5)s]) AND pg_catalog.pg_table_is_visible(pg_catalog.pg_class.oid) AND pg_catalog.pg_namespace.nspname != %(nspname_1)s AND pg_catalog.pg_class.relname IN (%(filter_names_1)s) ORDER BY pg_catalog.pg_class.relname, pg_catalog.pg_attribute.attnum[0m
[32m[09:15:41.279] [INFO] [sqlalchemy.engine.Engine:_execute_context:1846] [cached since 1.718s ago] {'json_build_object_2': 'always', 'attidentity_1': 'a', 'json_build_object_3': 'start', 'json_build_object_4': 'increment', 'json_build_object_5': 'minvalue', 'json_build_object_6': 'maxvalue', 'json_build_object_7': 'cache', 'json_build_object_8': 'cycle', 'attidentity_2': '', 'attnum_1': 0, 'param_1': 'r', 'param_2': 'p', 'param_3': 'f', 'param_4': 'v', 'param_5': 'm', 'nspname_1': 'pg_catalog', 'filter_names_1': 'plans'}[0m
[32m[09:15:41.606] [INFO] [sqlalchemy.engine.Engine:_execute_context:1846] SELECT pg_catalog.pg_type.typname AS name, pg_catalog.format_type(pg_catalog.pg_type.typbasetype, pg_catalog.pg_type.typtypmod) AS attype, NOT pg_catalog.pg_type.typnotnull AS nullable, pg_catalog.pg_type.typdefault AS "default", pg_catalog.pg_type_is_visible(pg_catalog.pg_type.oid) AS visible, pg_catalog.pg_namespace.nspname AS schema, domain_constraints.condefs, domain_constraints.connames, pg_catalog.pg_collation.collname 
FROM pg_catalog.pg_type JOIN pg_catalog.pg_namespace ON pg_catalog.pg_namespace.oid = pg_catalog.pg_type.typnamespace LEFT OUTER JOIN pg_catalog.pg_collation ON pg_catalog.pg_type.typcollation = pg_catalog.pg_collation.oid LEFT OUTER JOIN (SELECT pg_catalog.pg_constraint.contypid AS contypid, array_agg(pg_catalog.pg_get_constraintdef(pg_catalog.pg_constraint.oid, %(pg_get_constraintdef_1)s)) AS condefs, array_agg(CAST(pg_catalog.pg_constraint.conname AS TEXT)) AS connames 
FROM pg_catalog.pg_constraint 
WHERE pg_catalog.pg_constraint.contypid != %(contypid_1)s GROUP BY pg_catalog.pg_constraint.contypid) AS domain_constraints ON pg_catalog.pg_type.oid = domain_constraints.contypid 
WHERE pg_catalog.pg_type.typtype = %(typtype_1)s ORDER BY pg_catalog.pg_namespace.nspname, pg_catalog.pg_type.typname[0m
[32m[09:15:41.606] [INFO] [sqlalchemy.engine.Engine:_execute_context:1846] [cached since 1.674s ago] {'pg_get_constraintdef_1': True, 'contypid_1': 0, 'typtype_1': 'd'}[0m
[32m[09:15:41.770] [INFO] [sqlalchemy.engine.Engine:_execute_context:1846] SELECT pg_catalog.pg_type.typname AS name, pg_catalog.pg_type_is_visible(pg_catalog.pg_type.oid) AS visible, pg_catalog.pg_namespace.nspname AS schema, lbl_agg.labels AS labels 
FROM pg_catalog.pg_type JOIN pg_catalog.pg_namespace ON pg_catalog.pg_namespace.oid = pg_catalog.pg_type.typnamespace LEFT OUTER JOIN (SELECT pg_catalog.pg_enum.enumtypid AS enumtypid, array_agg(CAST(pg_catalog.pg_enum.enumlabel AS TEXT) ORDER BY pg_catalog.pg_enum.enumsortorder) AS labels 
FROM pg_catalog.pg_enum GROUP BY pg_catalog.pg_enum.enumtypid) AS lbl_agg ON pg_catalog.pg_type.oid = lbl_agg.enumtypid 
WHERE pg_catalog.pg_type.typtype = %(typtype_1)s ORDER BY pg_catalog.pg_namespace.nspname, pg_catalog.pg_type.typname[0m
[32m[09:15:41.770] [INFO] [sqlalchemy.engine.Engine:_execute_context:1846] [cached since 1.646s ago] {'typtype_1': 'e'}[0m
[32m[09:15:41.934] [INFO] [sqlalchemy.engine.Engine:_connection_rollback_impl:2705] ROLLBACK[0m
[32m[09:15:42.099] [INFO] [sqlalchemy.engine.Engine:_connection_begin_impl:2702] BEGIN (implicit)[0m
[32m[09:15:42.101] [INFO] [sqlalchemy.engine.Engine:_execute_context:1846] SELECT pg_catalog.pg_attribute.attname AS name, pg_catalog.format_type(pg_catalog.pg_attribute.atttypid, pg_catalog.pg_attribute.atttypmod) AS format_type, (SELECT pg_catalog.pg_get_expr(pg_catalog.pg_attrdef.adbin, pg_catalog.pg_attrdef.adrelid) AS pg_get_expr_1 
FROM pg_catalog.pg_attrdef 
WHERE pg_catalog.pg_attrdef.adrelid = pg_catalog.pg_attribute.attrelid AND pg_catalog.pg_attrdef.adnum = pg_catalog.pg_attribute.attnum AND pg_catalog.pg_attribute.atthasdef) AS "default", pg_catalog.pg_attribute.attnotnull AS not_null, pg_catalog.pg_class.relname AS table_name, pg_catalog.pg_description.description AS comment, pg_catalog.pg_attribute.attgenerated AS generated, (SELECT json_build_object(%(json_build_object_2)s, pg_catalog.pg_attribute.attidentity = %(attidentity_1)s, %(json_build_object_3)s, pg_catalog.pg_sequence.seqstart, %(json_build_object_4)s, pg_catalog.pg_sequence.seqincrement, %(json_build_object_5)s, pg_catalog.pg_sequence.seqmin, %(json_build_object_6)s, pg_catalog.pg_sequence.seqmax, %(json_build_object_7)s, pg_catalog.pg_sequence.seqcache, %(json_build_object_8)s, pg_catalog.pg_sequence.seqcycle) AS json_build_object_1 
FROM pg_catalog.pg_sequence 
WHERE pg_catalog.pg_attribute.attidentity != %(attidentity_2)s AND pg_catalog.pg_sequence.seqrelid = CAST(CAST(pg_catalog.pg_get_serial_sequence(CAST(CAST(pg_catalog.pg_attribute.attrelid AS REGCLASS) AS TEXT), pg_catalog.pg_attribute.attname) AS REGCLASS) AS OID)) AS identity_options 
FROM pg_catalog.pg_class LEFT OUTER JOIN pg_catalog.pg_attribute ON pg_catalog.pg_class.oid = pg_catalog.pg_attribute.attrelid AND pg_catalog.pg_attribute.attnum > %(attnum_1)s AND NOT pg_catalog.pg_attribute.attisdropped LEFT OUTER JOIN pg_catalog.pg_description ON pg_catalog.pg_description.objoid = pg_catalog.pg_attribute.attrelid AND pg_catalog.pg_description.objsubid = pg_catalog.pg_attribute.attnum JOIN pg_catalog.pg_namespace ON pg_catalog.pg_namespace.oid = pg_catalog.pg_class.relnamespace 
WHERE pg_catalog.pg_class.relkind = ANY (ARRAY[%(param_1)s, %(param_2)s, %(param_3)s, %(param_4)s, %(param_5)s]) AND pg_catalog.pg_table_is_visible(pg_catalog.pg_class.oid) AND pg_catalog.pg_namespace.nspname != %(nspname_1)s AND pg_catalog.pg_class.relname IN (%(filter_names_1)s) ORDER BY pg_catalog.pg_class.relname, pg_catalog.pg_attribute.attnum[0m
[32m[09:15:42.101] [INFO] [sqlalchemy.engine.Engine:_execute_context:1846] [cached since 2.54s ago] {'json_build_object_2': 'always', 'attidentity_1': 'a', 'json_build_object_3': 'start', 'json_build_object_4': 'increment', 'json_build_object_5': 'minvalue', 'json_build_object_6': 'maxvalue', 'json_build_object_7': 'cache', 'json_build_object_8': 'cycle', 'attidentity_2': '', 'attnum_1': 0, 'param_1': 'r', 'param_2': 'p', 'param_3': 'f', 'param_4': 'v', 'param_5': 'm', 'nspname_1': 'pg_catalog', 'filter_names_1': 'plans'}[0m
[32m[09:15:42.428] [INFO] [sqlalchemy.engine.Engine:_execute_context:1846] SELECT pg_catalog.pg_type.typname AS name, pg_catalog.format_type(pg_catalog.pg_type.typbasetype, pg_catalog.pg_type.typtypmod) AS attype, NOT pg_catalog.pg_type.typnotnull AS nullable, pg_catalog.pg_type.typdefault AS "default", pg_catalog.pg_type_is_visible(pg_catalog.pg_type.oid) AS visible, pg_catalog.pg_namespace.nspname AS schema, domain_constraints.condefs, domain_constraints.connames, pg_catalog.pg_collation.collname 
FROM pg_catalog.pg_type JOIN pg_catalog.pg_namespace ON pg_catalog.pg_namespace.oid = pg_catalog.pg_type.typnamespace LEFT OUTER JOIN pg_catalog.pg_collation ON pg_catalog.pg_type.typcollation = pg_catalog.pg_collation.oid LEFT OUTER JOIN (SELECT pg_catalog.pg_constraint.contypid AS contypid, array_agg(pg_catalog.pg_get_constraintdef(pg_catalog.pg_constraint.oid, %(pg_get_constraintdef_1)s)) AS condefs, array_agg(CAST(pg_catalog.pg_constraint.conname AS TEXT)) AS connames 
FROM pg_catalog.pg_constraint 
WHERE pg_catalog.pg_constraint.contypid != %(contypid_1)s GROUP BY pg_catalog.pg_constraint.contypid) AS domain_constraints ON pg_catalog.pg_type.oid = domain_constraints.contypid 
WHERE pg_catalog.pg_type.typtype = %(typtype_1)s ORDER BY pg_catalog.pg_namespace.nspname, pg_catalog.pg_type.typname[0m
[32m[09:15:42.428] [INFO] [sqlalchemy.engine.Engine:_execute_context:1846] [cached since 2.496s ago] {'pg_get_constraintdef_1': True, 'contypid_1': 0, 'typtype_1': 'd'}[0m
[32m[09:15:42.594] [INFO] [sqlalchemy.engine.Engine:_execute_context:1846] SELECT pg_catalog.pg_type.typname AS name, pg_catalog.pg_type_is_visible(pg_catalog.pg_type.oid) AS visible, pg_catalog.pg_namespace.nspname AS schema, lbl_agg.labels AS labels 
FROM pg_catalog.pg_type JOIN pg_catalog.pg_namespace ON pg_catalog.pg_namespace.oid = pg_catalog.pg_type.typnamespace LEFT OUTER JOIN (SELECT pg_catalog.pg_enum.enumtypid AS enumtypid, array_agg(CAST(pg_catalog.pg_enum.enumlabel AS TEXT) ORDER BY pg_catalog.pg_enum.enumsortorder) AS labels 
FROM pg_catalog.pg_enum GROUP BY pg_catalog.pg_enum.enumtypid) AS lbl_agg ON pg_catalog.pg_type.oid = lbl_agg.enumtypid 
WHERE pg_catalog.pg_type.typtype = %(typtype_1)s ORDER BY pg_catalog.pg_namespace.nspname, pg_catalog.pg_type.typname[0m
[32m[09:15:42.594] [INFO] [sqlalchemy.engine.Engine:_execute_context:1846] [cached since 2.469s ago] {'typtype_1': 'e'}[0m
[32m[09:15:42.757] [INFO] [sqlalchemy.engine.Engine:_connection_rollback_impl:2705] ROLLBACK[0m
[32m[09:15:42.920] [INFO] [sqlalchemy.engine.Engine:_connection_begin_impl:2702] BEGIN (implicit)[0m
[32m[09:15:42.920] [INFO] [sqlalchemy.engine.Engine:_execute_context:1846] SELECT pg_catalog.pg_attribute.attname AS name, pg_catalog.format_type(pg_catalog.pg_attribute.atttypid, pg_catalog.pg_attribute.atttypmod) AS format_type, (SELECT pg_catalog.pg_get_expr(pg_catalog.pg_attrdef.adbin, pg_catalog.pg_attrdef.adrelid) AS pg_get_expr_1 
FROM pg_catalog.pg_attrdef 
WHERE pg_catalog.pg_attrdef.adrelid = pg_catalog.pg_attribute.attrelid AND pg_catalog.pg_attrdef.adnum = pg_catalog.pg_attribute.attnum AND pg_catalog.pg_attribute.atthasdef) AS "default", pg_catalog.pg_attribute.attnotnull AS not_null, pg_catalog.pg_class.relname AS table_name, pg_catalog.pg_description.description AS comment, pg_catalog.pg_attribute.attgenerated AS generated, (SELECT json_build_object(%(json_build_object_2)s, pg_catalog.pg_attribute.attidentity = %(attidentity_1)s, %(json_build_object_3)s, pg_catalog.pg_sequence.seqstart, %(json_build_object_4)s, pg_catalog.pg_sequence.seqincrement, %(json_build_object_5)s, pg_catalog.pg_sequence.seqmin, %(json_build_object_6)s, pg_catalog.pg_sequence.seqmax, %(json_build_object_7)s, pg_catalog.pg_sequence.seqcache, %(json_build_object_8)s, pg_catalog.pg_sequence.seqcycle) AS json_build_object_1 
FROM pg_catalog.pg_sequence 
WHERE pg_catalog.pg_attribute.attidentity != %(attidentity_2)s AND pg_catalog.pg_sequence.seqrelid = CAST(CAST(pg_catalog.pg_get_serial_sequence(CAST(CAST(pg_catalog.pg_attribute.attrelid AS REGCLASS) AS TEXT), pg_catalog.pg_attribute.attname) AS REGCLASS) AS OID)) AS identity_options 
FROM pg_catalog.pg_class LEFT OUTER JOIN pg_catalog.pg_attribute ON pg_catalog.pg_class.oid = pg_catalog.pg_attribute.attrelid AND pg_catalog.pg_attribute.attnum > %(attnum_1)s AND NOT pg_catalog.pg_attribute.attisdropped LEFT OUTER JOIN pg_catalog.pg_description ON pg_catalog.pg_description.objoid = pg_catalog.pg_attribute.attrelid AND pg_catalog.pg_description.objsubid = pg_catalog.pg_attribute.attnum JOIN pg_catalog.pg_namespace ON pg_catalog.pg_namespace.oid = pg_catalog.pg_class.relnamespace 
WHERE pg_catalog.pg_class.relkind = ANY (ARRAY[%(param_1)s, %(param_2)s, %(param_3)s, %(param_4)s, %(param_5)s]) AND pg_catalog.pg_table_is_visible(pg_catalog.pg_class.oid) AND pg_catalog.pg_namespace.nspname != %(nspname_1)s AND pg_catalog.pg_class.relname IN (%(filter_names_1)s) ORDER BY pg_catalog.pg_class.relname, pg_catalog.pg_attribute.attnum[0m
[32m[09:15:42.920] [INFO] [sqlalchemy.engine.Engine:_execute_context:1846] [cached since 3.359s ago] {'json_build_object_2': 'always', 'attidentity_1': 'a', 'json_build_object_3': 'start', 'json_build_object_4': 'increment', 'json_build_object_5': 'minvalue', 'json_build_object_6': 'maxvalue', 'json_build_object_7': 'cache', 'json_build_object_8': 'cycle', 'attidentity_2': '', 'attnum_1': 0, 'param_1': 'r', 'param_2': 'p', 'param_3': 'f', 'param_4': 'v', 'param_5': 'm', 'nspname_1': 'pg_catalog', 'filter_names_1': 'plans'}[0m
[32m[09:15:43.247] [INFO] [sqlalchemy.engine.Engine:_execute_context:1846] SELECT pg_catalog.pg_type.typname AS name, pg_catalog.format_type(pg_catalog.pg_type.typbasetype, pg_catalog.pg_type.typtypmod) AS attype, NOT pg_catalog.pg_type.typnotnull AS nullable, pg_catalog.pg_type.typdefault AS "default", pg_catalog.pg_type_is_visible(pg_catalog.pg_type.oid) AS visible, pg_catalog.pg_namespace.nspname AS schema, domain_constraints.condefs, domain_constraints.connames, pg_catalog.pg_collation.collname 
FROM pg_catalog.pg_type JOIN pg_catalog.pg_namespace ON pg_catalog.pg_namespace.oid = pg_catalog.pg_type.typnamespace LEFT OUTER JOIN pg_catalog.pg_collation ON pg_catalog.pg_type.typcollation = pg_catalog.pg_collation.oid LEFT OUTER JOIN (SELECT pg_catalog.pg_constraint.contypid AS contypid, array_agg(pg_catalog.pg_get_constraintdef(pg_catalog.pg_constraint.oid, %(pg_get_constraintdef_1)s)) AS condefs, array_agg(CAST(pg_catalog.pg_constraint.conname AS TEXT)) AS connames 
FROM pg_catalog.pg_constraint 
WHERE pg_catalog.pg_constraint.contypid != %(contypid_1)s GROUP BY pg_catalog.pg_constraint.contypid) AS domain_constraints ON pg_catalog.pg_type.oid = domain_constraints.contypid 
WHERE pg_catalog.pg_type.typtype = %(typtype_1)s ORDER BY pg_catalog.pg_namespace.nspname, pg_catalog.pg_type.typname[0m
[32m[09:15:43.248] [INFO] [sqlalchemy.engine.Engine:_execute_context:1846] [cached since 3.316s ago] {'pg_get_constraintdef_1': True, 'contypid_1': 0, 'typtype_1': 'd'}[0m
[32m[09:15:43.412] [INFO] [sqlalchemy.engine.Engine:_execute_context:1846] SELECT pg_catalog.pg_type.typname AS name, pg_catalog.pg_type_is_visible(pg_catalog.pg_type.oid) AS visible, pg_catalog.pg_namespace.nspname AS schema, lbl_agg.labels AS labels 
FROM pg_catalog.pg_type JOIN pg_catalog.pg_namespace ON pg_catalog.pg_namespace.oid = pg_catalog.pg_type.typnamespace LEFT OUTER JOIN (SELECT pg_catalog.pg_enum.enumtypid AS enumtypid, array_agg(CAST(pg_catalog.pg_enum.enumlabel AS TEXT) ORDER BY pg_catalog.pg_enum.enumsortorder) AS labels 
FROM pg_catalog.pg_enum GROUP BY pg_catalog.pg_enum.enumtypid) AS lbl_agg ON pg_catalog.pg_type.oid = lbl_agg.enumtypid 
WHERE pg_catalog.pg_type.typtype = %(typtype_1)s ORDER BY pg_catalog.pg_namespace.nspname, pg_catalog.pg_type.typname[0m
[32m[09:15:43.412] [INFO] [sqlalchemy.engine.Engine:_execute_context:1846] [cached since 3.287s ago] {'typtype_1': 'e'}[0m
[32m[09:15:43.575] [INFO] [sqlalchemy.engine.Engine:_connection_rollback_impl:2705] ROLLBACK[0m
[32m[09:15:43.739] [INFO] [sqlalchemy.engine.Engine:_connection_begin_impl:2702] BEGIN (implicit)[0m
[32m[09:15:43.739] [INFO] [sqlalchemy.engine.Engine:_execute_context:1846] SELECT pg_catalog.pg_attribute.attname AS name, pg_catalog.format_type(pg_catalog.pg_attribute.atttypid, pg_catalog.pg_attribute.atttypmod) AS format_type, (SELECT pg_catalog.pg_get_expr(pg_catalog.pg_attrdef.adbin, pg_catalog.pg_attrdef.adrelid) AS pg_get_expr_1 
FROM pg_catalog.pg_attrdef 
WHERE pg_catalog.pg_attrdef.adrelid = pg_catalog.pg_attribute.attrelid AND pg_catalog.pg_attrdef.adnum = pg_catalog.pg_attribute.attnum AND pg_catalog.pg_attribute.atthasdef) AS "default", pg_catalog.pg_attribute.attnotnull AS not_null, pg_catalog.pg_class.relname AS table_name, pg_catalog.pg_description.description AS comment, pg_catalog.pg_attribute.attgenerated AS generated, (SELECT json_build_object(%(json_build_object_2)s, pg_catalog.pg_attribute.attidentity = %(attidentity_1)s, %(json_build_object_3)s, pg_catalog.pg_sequence.seqstart, %(json_build_object_4)s, pg_catalog.pg_sequence.seqincrement, %(json_build_object_5)s, pg_catalog.pg_sequence.seqmin, %(json_build_object_6)s, pg_catalog.pg_sequence.seqmax, %(json_build_object_7)s, pg_catalog.pg_sequence.seqcache, %(json_build_object_8)s, pg_catalog.pg_sequence.seqcycle) AS json_build_object_1 
FROM pg_catalog.pg_sequence 
WHERE pg_catalog.pg_attribute.attidentity != %(attidentity_2)s AND pg_catalog.pg_sequence.seqrelid = CAST(CAST(pg_catalog.pg_get_serial_sequence(CAST(CAST(pg_catalog.pg_attribute.attrelid AS REGCLASS) AS TEXT), pg_catalog.pg_attribute.attname) AS REGCLASS) AS OID)) AS identity_options 
FROM pg_catalog.pg_class LEFT OUTER JOIN pg_catalog.pg_attribute ON pg_catalog.pg_class.oid = pg_catalog.pg_attribute.attrelid AND pg_catalog.pg_attribute.attnum > %(attnum_1)s AND NOT pg_catalog.pg_attribute.attisdropped LEFT OUTER JOIN pg_catalog.pg_description ON pg_catalog.pg_description.objoid = pg_catalog.pg_attribute.attrelid AND pg_catalog.pg_description.objsubid = pg_catalog.pg_attribute.attnum JOIN pg_catalog.pg_namespace ON pg_catalog.pg_namespace.oid = pg_catalog.pg_class.relnamespace 
WHERE pg_catalog.pg_class.relkind = ANY (ARRAY[%(param_1)s, %(param_2)s, %(param_3)s, %(param_4)s, %(param_5)s]) AND pg_catalog.pg_table_is_visible(pg_catalog.pg_class.oid) AND pg_catalog.pg_namespace.nspname != %(nspname_1)s AND pg_catalog.pg_class.relname IN (%(filter_names_1)s) ORDER BY pg_catalog.pg_class.relname, pg_catalog.pg_attribute.attnum[0m
[32m[09:15:43.739] [INFO] [sqlalchemy.engine.Engine:_execute_context:1846] [cached since 4.178s ago] {'json_build_object_2': 'always', 'attidentity_1': 'a', 'json_build_object_3': 'start', 'json_build_object_4': 'increment', 'json_build_object_5': 'minvalue', 'json_build_object_6': 'maxvalue', 'json_build_object_7': 'cache', 'json_build_object_8': 'cycle', 'attidentity_2': '', 'attnum_1': 0, 'param_1': 'r', 'param_2': 'p', 'param_3': 'f', 'param_4': 'v', 'param_5': 'm', 'nspname_1': 'pg_catalog', 'filter_names_1': 'habits'}[0m
[32m[09:15:44.066] [INFO] [sqlalchemy.engine.Engine:_execute_context:1846] SELECT pg_catalog.pg_type.typname AS name, pg_catalog.format_type(pg_catalog.pg_type.typbasetype, pg_catalog.pg_type.typtypmod) AS attype, NOT pg_catalog.pg_type.typnotnull AS nullable, pg_catalog.pg_type.typdefault AS "default", pg_catalog.pg_type_is_visible(pg_catalog.pg_type.oid) AS visible, pg_catalog.pg_namespace.nspname AS schema, domain_constraints.condefs, domain_constraints.connames, pg_catalog.pg_collation.collname 
FROM pg_catalog.pg_type JOIN pg_catalog.pg_namespace ON pg_catalog.pg_namespace.oid = pg_catalog.pg_type.typnamespace LEFT OUTER JOIN pg_catalog.pg_collation ON pg_catalog.pg_type.typcollation = pg_catalog.pg_collation.oid LEFT OUTER JOIN (SELECT pg_catalog.pg_constraint.contypid AS contypid, array_agg(pg_catalog.pg_get_constraintdef(pg_catalog.pg_constraint.oid, %(pg_get_constraintdef_1)s)) AS condefs, array_agg(CAST(pg_catalog.pg_constraint.conname AS TEXT)) AS connames 
FROM pg_catalog.pg_constraint 
WHERE pg_catalog.pg_constraint.contypid != %(contypid_1)s GROUP BY pg_catalog.pg_constraint.contypid) AS domain_constraints ON pg_catalog.pg_type.oid = domain_constraints.contypid 
WHERE pg_catalog.pg_type.typtype = %(typtype_1)s ORDER BY pg_catalog.pg_namespace.nspname, pg_catalog.pg_type.typname[0m
[32m[09:15:44.067] [INFO] [sqlalchemy.engine.Engine:_execute_context:1846] [cached since 4.134s ago] {'pg_get_constraintdef_1': True, 'contypid_1': 0, 'typtype_1': 'd'}[0m
[32m[09:15:44.230] [INFO] [sqlalchemy.engine.Engine:_execute_context:1846] SELECT pg_catalog.pg_type.typname AS name, pg_catalog.pg_type_is_visible(pg_catalog.pg_type.oid) AS visible, pg_catalog.pg_namespace.nspname AS schema, lbl_agg.labels AS labels 
FROM pg_catalog.pg_type JOIN pg_catalog.pg_namespace ON pg_catalog.pg_namespace.oid = pg_catalog.pg_type.typnamespace LEFT OUTER JOIN (SELECT pg_catalog.pg_enum.enumtypid AS enumtypid, array_agg(CAST(pg_catalog.pg_enum.enumlabel AS TEXT) ORDER BY pg_catalog.pg_enum.enumsortorder) AS labels 
FROM pg_catalog.pg_enum GROUP BY pg_catalog.pg_enum.enumtypid) AS lbl_agg ON pg_catalog.pg_type.oid = lbl_agg.enumtypid 
WHERE pg_catalog.pg_type.typtype = %(typtype_1)s ORDER BY pg_catalog.pg_namespace.nspname, pg_catalog.pg_type.typname[0m
[32m[09:15:44.231] [INFO] [sqlalchemy.engine.Engine:_execute_context:1846] [cached since 4.105s ago] {'typtype_1': 'e'}[0m
[32m[09:15:44.394] [INFO] [sqlalchemy.engine.Engine:_connection_rollback_impl:2705] ROLLBACK[0m
[32m[09:15:44.558] [INFO] [sqlalchemy.engine.Engine:_connection_begin_impl:2702] BEGIN (implicit)[0m
[32m[09:15:44.560] [INFO] [sqlalchemy.engine.Engine:_execute_context:1846] SELECT pg_catalog.pg_attribute.attname AS name, pg_catalog.format_type(pg_catalog.pg_attribute.atttypid, pg_catalog.pg_attribute.atttypmod) AS format_type, (SELECT pg_catalog.pg_get_expr(pg_catalog.pg_attrdef.adbin, pg_catalog.pg_attrdef.adrelid) AS pg_get_expr_1 
FROM pg_catalog.pg_attrdef 
WHERE pg_catalog.pg_attrdef.adrelid = pg_catalog.pg_attribute.attrelid AND pg_catalog.pg_attrdef.adnum = pg_catalog.pg_attribute.attnum AND pg_catalog.pg_attribute.atthasdef) AS "default", pg_catalog.pg_attribute.attnotnull AS not_null, pg_catalog.pg_class.relname AS table_name, pg_catalog.pg_description.description AS comment, pg_catalog.pg_attribute.attgenerated AS generated, (SELECT json_build_object(%(json_build_object_2)s, pg_catalog.pg_attribute.attidentity = %(attidentity_1)s, %(json_build_object_3)s, pg_catalog.pg_sequence.seqstart, %(json_build_object_4)s, pg_catalog.pg_sequence.seqincrement, %(json_build_object_5)s, pg_catalog.pg_sequence.seqmin, %(json_build_object_6)s, pg_catalog.pg_sequence.seqmax, %(json_build_object_7)s, pg_catalog.pg_sequence.seqcache, %(json_build_object_8)s, pg_catalog.pg_sequence.seqcycle) AS json_build_object_1 
FROM pg_catalog.pg_sequence 
WHERE pg_catalog.pg_attribute.attidentity != %(attidentity_2)s AND pg_catalog.pg_sequence.seqrelid = CAST(CAST(pg_catalog.pg_get_serial_sequence(CAST(CAST(pg_catalog.pg_attribute.attrelid AS REGCLASS) AS TEXT), pg_catalog.pg_attribute.attname) AS REGCLASS) AS OID)) AS identity_options 
FROM pg_catalog.pg_class LEFT OUTER JOIN pg_catalog.pg_attribute ON pg_catalog.pg_class.oid = pg_catalog.pg_attribute.attrelid AND pg_catalog.pg_attribute.attnum > %(attnum_1)s AND NOT pg_catalog.pg_attribute.attisdropped LEFT OUTER JOIN pg_catalog.pg_description ON pg_catalog.pg_description.objoid = pg_catalog.pg_attribute.attrelid AND pg_catalog.pg_description.objsubid = pg_catalog.pg_attribute.attnum JOIN pg_catalog.pg_namespace ON pg_catalog.pg_namespace.oid = pg_catalog.pg_class.relnamespace 
WHERE pg_catalog.pg_class.relkind = ANY (ARRAY[%(param_1)s, %(param_2)s, %(param_3)s, %(param_4)s, %(param_5)s]) AND pg_catalog.pg_table_is_visible(pg_catalog.pg_class.oid) AND pg_catalog.pg_namespace.nspname != %(nspname_1)s AND pg_catalog.pg_class.relname IN (%(filter_names_1)s) ORDER BY pg_catalog.pg_class.relname, pg_catalog.pg_attribute.attnum[0m
[32m[09:15:44.560] [INFO] [sqlalchemy.engine.Engine:_execute_context:1846] [cached since 4.999s ago] {'json_build_object_2': 'always', 'attidentity_1': 'a', 'json_build_object_3': 'start', 'json_build_object_4': 'increment', 'json_build_object_5': 'minvalue', 'json_build_object_6': 'maxvalue', 'json_build_object_7': 'cache', 'json_build_object_8': 'cycle', 'attidentity_2': '', 'attnum_1': 0, 'param_1': 'r', 'param_2': 'p', 'param_3': 'f', 'param_4': 'v', 'param_5': 'm', 'nspname_1': 'pg_catalog', 'filter_names_1': 'chat_sessions'}[0m
[32m[09:15:44.892] [INFO] [sqlalchemy.engine.Engine:_execute_context:1846] SELECT pg_catalog.pg_type.typname AS name, pg_catalog.format_type(pg_catalog.pg_type.typbasetype, pg_catalog.pg_type.typtypmod) AS attype, NOT pg_catalog.pg_type.typnotnull AS nullable, pg_catalog.pg_type.typdefault AS "default", pg_catalog.pg_type_is_visible(pg_catalog.pg_type.oid) AS visible, pg_catalog.pg_namespace.nspname AS schema, domain_constraints.condefs, domain_constraints.connames, pg_catalog.pg_collation.collname 
FROM pg_catalog.pg_type JOIN pg_catalog.pg_namespace ON pg_catalog.pg_namespace.oid = pg_catalog.pg_type.typnamespace LEFT OUTER JOIN pg_catalog.pg_collation ON pg_catalog.pg_type.typcollation = pg_catalog.pg_collation.oid LEFT OUTER JOIN (SELECT pg_catalog.pg_constraint.contypid AS contypid, array_agg(pg_catalog.pg_get_constraintdef(pg_catalog.pg_constraint.oid, %(pg_get_constraintdef_1)s)) AS condefs, array_agg(CAST(pg_catalog.pg_constraint.conname AS TEXT)) AS connames 
FROM pg_catalog.pg_constraint 
WHERE pg_catalog.pg_constraint.contypid != %(contypid_1)s GROUP BY pg_catalog.pg_constraint.contypid) AS domain_constraints ON pg_catalog.pg_type.oid = domain_constraints.contypid 
WHERE pg_catalog.pg_type.typtype = %(typtype_1)s ORDER BY pg_catalog.pg_namespace.nspname, pg_catalog.pg_type.typname[0m
[32m[09:15:44.892] [INFO] [sqlalchemy.engine.Engine:_execute_context:1846] [cached since 4.96s ago] {'pg_get_constraintdef_1': True, 'contypid_1': 0, 'typtype_1': 'd'}[0m
[32m[09:15:45.056] [INFO] [sqlalchemy.engine.Engine:_execute_context:1846] SELECT pg_catalog.pg_type.typname AS name, pg_catalog.pg_type_is_visible(pg_catalog.pg_type.oid) AS visible, pg_catalog.pg_namespace.nspname AS schema, lbl_agg.labels AS labels 
FROM pg_catalog.pg_type JOIN pg_catalog.pg_namespace ON pg_catalog.pg_namespace.oid = pg_catalog.pg_type.typnamespace LEFT OUTER JOIN (SELECT pg_catalog.pg_enum.enumtypid AS enumtypid, array_agg(CAST(pg_catalog.pg_enum.enumlabel AS TEXT) ORDER BY pg_catalog.pg_enum.enumsortorder) AS labels 
FROM pg_catalog.pg_enum GROUP BY pg_catalog.pg_enum.enumtypid) AS lbl_agg ON pg_catalog.pg_type.oid = lbl_agg.enumtypid 
WHERE pg_catalog.pg_type.typtype = %(typtype_1)s ORDER BY pg_catalog.pg_namespace.nspname, pg_catalog.pg_type.typname[0m
[32m[09:15:45.056] [INFO] [sqlalchemy.engine.Engine:_execute_context:1846] [cached since 4.932s ago] {'typtype_1': 'e'}[0m
[32m[09:15:45.220] [INFO] [sqlalchemy.engine.Engine:_connection_rollback_impl:2705] ROLLBACK[0m
[32m[09:15:45.384] [INFO] [backend.startup:<module>:477] Database migrations completed[0m
[32m[09:15:45.384] [INFO] [backend.startup:<module>:485] Database setup completed successfully[0m
[32m[09:15:45.385] [INFO] [backend.startup:<module>:503] Starting FastAPI server[0m
[32m[09:15:45.385] [INFO] [backend.startup:<module>:508] 🚀 Backend startup completed successfully![0m
INFO:     Will watch for changes in these directories: ['/home/ubuntu/gray/backend']
ERROR:    [Errno 98] Address already in use
